2026-06-18 13:59:59,308 - passlib.handlers.bcrypt - WARNING - (trapped) error reading bcrypt version
Traceback (most recent call last):
  File "f:\Keerthi Rajan\Py - 2026\Team-Task\Task-18-06-2026\digital_wallet\.venv\Lib\site-packages\passlib\handlers\bcrypt.py", line 620, in _load_backend_mixin
    version = _bcrypt.__about__.__version__
              ^^^^^^^^^^^^^^^^^
AttributeError: module 'bcrypt' has no attribute '__about__'
2026-06-18 14:00:18,964 - watchfiles.main - INFO - 1 change detected
2026-06-18 14:00:19,826 - watchfiles.main - INFO - 4 changes detected
2026-06-18 14:00:44,626 - watchfiles.main - INFO - 1 change detected
2026-06-18 14:00:45,573 - watchfiles.main - INFO - 2 changes detected
2026-06-18 14:00:46,869 - watchfiles.main - INFO - 6 changes detected
2026-06-18 14:00:48,206 - watchfiles.main - INFO - 7 changes detected
2026-06-18 14:00:49,488 - watchfiles.main - INFO - 1 change detected
2026-06-18 14:01:33,686 - watchfiles.main - INFO - 3 changes detected
2026-06-18 14:01:57,403 - watchfiles.main - INFO - 3 changes detected
2026-06-18 14:02:04,411 - watchfiles.main - INFO - 3 changes detected
2026-06-18 14:05:37,048 - watchfiles.main - INFO - 1 change detected
2026-06-18 14:05:37,904 - watchfiles.main - INFO - 4 changes detected
2026-06-18 14:09:44,774 - watchfiles.main - INFO - 1 change detected
2026-06-18 14:09:45,641 - watchfiles.main - INFO - 4 changes detected
2026-06-18 14:09:56,576 - watchfiles.main - INFO - 1 change detected
2026-06-18 14:09:57,422 - watchfiles.main - INFO - 1 change detected
2026-06-18 14:09:58,490 - watchfiles.main - INFO - 1 change detected
2026-06-18 14:09:59,556 - watchfiles.main - INFO - 5 changes detected
2026-06-18 14:10:00,874 - watchfiles.main - INFO - 1 change detected
2026-06-18 14:10:01,720 - watchfiles.main - INFO - 2 changes detected
2026-06-18 14:10:03,034 - watchfiles.main - INFO - 6 changes detected
2026-06-18 14:10:04,276 - watchfiles.main - INFO - 1 change detected
2026-06-18 14:10:05,470 - watchfiles.main - INFO - 5 changes detected
2026-06-18 14:10:08,596 - watchfiles.main - INFO - 1 change detected
2026-06-18 14:10:08,953 - watchfiles.main - INFO - 1 change detected
2026-06-18 14:10:10,304 - watchfiles.main - INFO - 6 changes detected
2026-06-18 14:10:11,468 - watchfiles.main - INFO - 5 changes detected
2026-06-18 14:10:11,821 - watchfiles.main - INFO - 1 change detected
2026-06-18 14:10:12,750 - watchfiles.main - INFO - 6 changes detected
2026-06-18 14:10:15,183 - watchfiles.main - INFO - 1 change detected
2026-06-18 14:10:15,703 - watchfiles.main - INFO - 1 change detected
2026-06-18 14:10:16,853 - watchfiles.main - INFO - 6 changes detected
2026-06-18 14:10:18,017 - watchfiles.main - INFO - 5 changes detected
2026-06-18 14:10:22,056 - watchfiles.main - INFO - 1 change detected
2026-06-18 14:10:23,122 - watchfiles.main - INFO - 5 changes detected
2026-06-18 14:11:14,822 - watchfiles.main - INFO - 1 change detected
2026-06-18 14:11:15,936 - watchfiles.main - INFO - 5 changes detected
2026-06-18 14:11:22,957 - watchfiles.main - INFO - 1 change detected
2026-06-18 14:11:23,326 - watchfiles.main - INFO - 1 change detected
2026-06-18 14:11:23,677 - watchfiles.main - INFO - 1 change detected
2026-06-18 14:11:24,081 - watchfiles.main - INFO - 1 change detected
2026-06-18 14:11:24,457 - watchfiles.main - INFO - 1 change detected
2026-06-18 14:11:24,875 - watchfiles.main - INFO - 1 change detected
2026-06-18 14:11:25,280 - watchfiles.main - INFO - 1 change detected
2026-06-18 14:11:25,682 - watchfiles.main - INFO - 1 change detected
2026-06-18 14:11:26,097 - watchfiles.main - INFO - 1 change detected
2026-06-18 14:11:26,550 - watchfiles.main - INFO - 1 change detected
2026-06-18 14:11:26,919 - watchfiles.main - INFO - 1 change detected
2026-06-18 14:11:27,324 - watchfiles.main - INFO - 1 change detected
2026-06-18 14:11:27,730 - watchfiles.main - INFO - 1 change detected
2026-06-18 14:11:28,136 - watchfiles.main - INFO - 1 change detected
2026-06-18 14:11:28,550 - watchfiles.main - INFO - 1 change detected
2026-06-18 14:11:28,925 - watchfiles.main - INFO - 1 change detected
2026-06-18 14:11:29,298 - watchfiles.main - INFO - 1 change detected
2026-06-18 14:11:29,724 - watchfiles.main - INFO - 1 change detected
2026-06-18 14:11:30,134 - watchfiles.main - INFO - 1 change detected
2026-06-18 14:11:30,498 - watchfiles.main - INFO - 1 change detected
2026-06-18 14:11:30,903 - watchfiles.main - INFO - 1 change detected
2026-06-18 14:11:31,312 - watchfiles.main - INFO - 1 change detected
2026-06-18 14:11:31,716 - watchfiles.main - INFO - 1 change detected
2026-06-18 14:11:32,130 - watchfiles.main - INFO - 1 change detected
2026-06-18 14:11:32,533 - watchfiles.main - INFO - 1 change detected
2026-06-18 14:11:32,897 - watchfiles.main - INFO - 1 change detected
2026-06-18 14:11:33,312 - watchfiles.main - INFO - 1 change detected
2026-06-18 14:11:33,713 - watchfiles.main - INFO - 1 change detected
2026-06-18 14:11:34,115 - watchfiles.main - INFO - 1 change detected
2026-06-18 14:11:34,516 - watchfiles.main - INFO - 1 change detected
2026-06-18 14:11:34,932 - watchfiles.main - INFO - 1 change detected
2026-06-18 14:11:35,337 - watchfiles.main - INFO - 1 change detected
2026-06-18 14:11:35,690 - watchfiles.main - INFO - 1 change detected
2026-06-18 14:11:36,102 - watchfiles.main - INFO - 1 change detected
2026-06-18 14:11:36,507 - watchfiles.main - INFO - 1 change detected
2026-06-18 14:11:36,921 - watchfiles.main - INFO - 1 change detected
2026-06-18 14:11:37,331 - watchfiles.main - INFO - 1 change detected
2026-06-18 14:11:37,749 - watchfiles.main - INFO - 1 change detected
2026-06-18 14:11:38,113 - watchfiles.main - INFO - 1 change detected
2026-06-18 14:11:38,515 - watchfiles.main - INFO - 1 change detected
2026-06-18 14:11:38,917 - watchfiles.main - INFO - 1 change detected
2026-06-18 14:11:39,331 - watchfiles.main - INFO - 1 change detected
2026-06-18 14:11:39,734 - watchfiles.main - INFO - 1 change detected
2026-06-18 14:11:40,148 - watchfiles.main - INFO - 1 change detected
2026-06-18 14:11:40,549 - watchfiles.main - INFO - 1 change detected
2026-06-18 14:11:40,965 - watchfiles.main - INFO - 1 change detected
2026-06-18 14:11:41,316 - watchfiles.main - INFO - 1 change detected
2026-06-18 14:11:41,730 - watchfiles.main - INFO - 1 change detected
2026-06-18 14:11:42,131 - watchfiles.main - INFO - 1 change detected
2026-06-18 14:11:42,544 - watchfiles.main - INFO - 1 change detected
2026-06-18 14:11:42,946 - watchfiles.main - INFO - 1 change detected
2026-06-18 14:11:43,364 - watchfiles.main - INFO - 1 change detected
2026-06-18 14:11:43,765 - watchfiles.main - INFO - 1 change detected
2026-06-18 14:11:44,224 - watchfiles.main - INFO - 1 change detected
2026-06-18 14:11:44,628 - watchfiles.main - INFO - 1 change detected
2026-06-18 14:11:45,031 - watchfiles.main - INFO - 1 change detected
2026-06-18 14:11:45,448 - watchfiles.main - INFO - 1 change detected
2026-06-18 14:11:45,865 - watchfiles.main - INFO - 1 change detected
2026-06-18 14:11:46,231 - watchfiles.main - INFO - 1 change detected
2026-06-18 14:11:46,644 - watchfiles.main - INFO - 1 change detected
2026-06-18 14:11:47,048 - watchfiles.main - INFO - 1 change detected
2026-06-18 14:11:47,449 - watchfiles.main - INFO - 1 change detected
2026-06-18 14:11:47,866 - watchfiles.main - INFO - 1 change detected
2026-06-18 14:11:48,280 - watchfiles.main - INFO - 1 change detected
2026-06-18 14:11:48,699 - watchfiles.main - INFO - 1 change detected
2026-06-18 14:11:49,064 - watchfiles.main - INFO - 1 change detected
2026-06-18 14:11:49,480 - watchfiles.main - INFO - 1 change detected
2026-06-18 14:11:49,884 - watchfiles.main - INFO - 1 change detected
2026-06-18 14:11:50,290 - watchfiles.main - INFO - 1 change detected
2026-06-18 14:11:50,698 - watchfiles.main - INFO - 1 change detected
2026-06-18 14:11:51,115 - watchfiles.main - INFO - 1 change detected
2026-06-18 14:11:51,479 - watchfiles.main - INFO - 1 change detected
2026-06-18 14:11:51,883 - watchfiles.main - INFO - 1 change detected
2026-06-18 14:11:52,297 - watchfiles.main - INFO - 1 change detected
2026-06-18 14:11:52,707 - watchfiles.main - INFO - 1 change detected
2026-06-18 14:11:53,115 - watchfiles.main - INFO - 1 change detected
2026-06-18 14:11:53,481 - watchfiles.main - INFO - 1 change detected
2026-06-18 14:11:53,890 - watchfiles.main - INFO - 1 change detected
2026-06-18 14:11:54,296 - watchfiles.main - INFO - 1 change detected
2026-06-18 14:11:54,711 - watchfiles.main - INFO - 1 change detected
2026-06-18 14:11:55,115 - watchfiles.main - INFO - 1 change detected
2026-06-18 14:11:55,519 - watchfiles.main - INFO - 1 change detected
2026-06-18 14:11:55,931 - watchfiles.main - INFO - 1 change detected
2026-06-18 14:11:56,749 - watchfiles.main - INFO - 1 change detected
2026-06-18 14:11:57,112 - watchfiles.main - INFO - 1 change detected
2026-06-18 14:11:58,018 - watchfiles.main - INFO - 1 change detected
2026-06-18 14:11:58,384 - watchfiles.main - INFO - 1 change detected
2026-06-18 14:11:59,040 - watchfiles.main - INFO - 1 change detected
2026-06-18 14:11:59,060 - watchfiles.main - INFO - 1 change detected
2026-06-18 14:11:59,395 - watchfiles.main - INFO - 1 change detected
2026-06-18 14:11:59,425 - watchfiles.main - INFO - 1 change detected
2026-06-18 14:11:59,777 - watchfiles.main - INFO - 1 change detected
2026-06-18 14:11:59,797 - watchfiles.main - INFO - 1 change detected
2026-06-18 14:12:00,885 - watchfiles.main - INFO - 1 change detected
2026-06-18 14:12:00,908 - watchfiles.main - INFO - 1 change detected
2026-06-18 14:12:01,248 - watchfiles.main - INFO - 1 change detected
2026-06-18 14:12:01,264 - watchfiles.main - INFO - 1 change detected
2026-06-18 14:12:01,675 - watchfiles.main - INFO - 1 change detected
2026-06-18 14:12:01,701 - watchfiles.main - INFO - 1 change detected
2026-06-18 14:12:02,103 - watchfiles.main - INFO - 1 change detected
2026-06-18 14:12:02,504 - watchfiles.main - INFO - 1 change detected
2026-06-18 14:12:02,917 - watchfiles.main - INFO - 1 change detected
2026-06-18 14:12:03,283 - watchfiles.main - INFO - 1 change detected
2026-06-18 14:12:03,697 - watchfiles.main - INFO - 1 change detected
2026-06-18 14:12:04,100 - watchfiles.main - INFO - 1 change detected
2026-06-18 14:12:04,513 - watchfiles.main - INFO - 1 change detected
2026-06-18 14:12:04,868 - watchfiles.main - INFO - 1 change detected
2026-06-18 14:12:05,284 - watchfiles.main - INFO - 1 change detected
2026-06-18 14:12:05,649 - watchfiles.main - INFO - 1 change detected
2026-06-18 14:12:06,056 - watchfiles.main - INFO - 1 change detected
2026-06-18 14:12:06,462 - watchfiles.main - INFO - 1 change detected
2026-06-18 14:12:06,463 - watchfiles.main - INFO - 1 change detected
2026-06-18 14:12:06,878 - watchfiles.main - INFO - 1 change detected
2026-06-18 14:12:06,878 - watchfiles.main - INFO - 1 change detected
2026-06-18 14:12:07,285 - watchfiles.main - INFO - 1 change detected
2026-06-18 14:12:07,697 - watchfiles.main - INFO - 1 change detected
2026-06-18 14:12:08,114 - watchfiles.main - INFO - 1 change detected
2026-06-18 14:12:08,530 - watchfiles.main - INFO - 1 change detected
2026-06-18 14:12:08,932 - watchfiles.main - INFO - 1 change detected
2026-06-18 14:12:09,337 - watchfiles.main - INFO - 1 change detected
2026-06-18 14:12:09,695 - watchfiles.main - INFO - 1 change detected
2026-06-18 14:12:10,096 - watchfiles.main - INFO - 1 change detected
2026-06-18 14:12:10,562 - watchfiles.main - INFO - 1 change detected
2026-06-18 14:12:10,928 - watchfiles.main - INFO - 1 change detected
2026-06-18 14:12:11,332 - watchfiles.main - INFO - 1 change detected
2026-06-18 14:12:11,735 - watchfiles.main - INFO - 1 change detected
2026-06-18 14:12:12,113 - watchfiles.main - INFO - 1 change detected
2026-06-18 14:12:12,522 - watchfiles.main - INFO - 1 change detected
2026-06-18 14:12:12,523 - watchfiles.main - INFO - 1 change detected
2026-06-18 14:12:12,928 - watchfiles.main - INFO - 1 change detected
2026-06-18 14:12:12,928 - watchfiles.main - INFO - 1 change detected
2026-06-18 14:12:13,330 - watchfiles.main - INFO - 1 change detected
2026-06-18 14:12:13,747 - watchfiles.main - INFO - 1 change detected
2026-06-18 14:12:14,150 - watchfiles.main - INFO - 1 change detected
2026-06-18 14:12:14,553 - watchfiles.main - INFO - 1 change detected
2026-06-18 14:12:14,964 - watchfiles.main - INFO - 1 change detected
2026-06-18 14:12:15,380 - watchfiles.main - INFO - 1 change detected
2026-06-18 14:12:15,747 - watchfiles.main - INFO - 1 change detected
2026-06-18 14:12:16,148 - watchfiles.main - INFO - 1 change detected
2026-06-18 14:12:16,562 - watchfiles.main - INFO - 1 change detected
2026-06-18 14:12:16,982 - watchfiles.main - INFO - 1 change detected
2026-06-18 14:12:17,347 - watchfiles.main - INFO - 1 change detected
2026-06-18 14:12:17,755 - watchfiles.main - INFO - 2 changes detected
2026-06-18 14:12:18,701 - watchfiles.main - INFO - 2 changes detected
2026-06-18 14:12:19,898 - watchfiles.main - INFO - 5 changes detected
2026-06-18 14:12:45,136 - watchfiles.main - INFO - 1 change detected
2026-06-18 14:12:45,848 - watchfiles.main - INFO - 1 change detected
2026-06-18 14:12:46,212 - watchfiles.main - INFO - 5 changes detected
2026-06-18 14:12:46,664 - watchfiles.main - INFO - 4 changes detected
2026-06-18 14:12:48,186 - watchfiles.main - INFO - 1 change detected
2026-06-18 14:12:49,304 - watchfiles.main - INFO - 5 changes detected
2026-06-18 14:12:55,249 - watchfiles.main - INFO - 1 change detected
2026-06-18 14:12:56,322 - watchfiles.main - INFO - 5 changes detected
2026-06-18 14:13:12,186 - watchfiles.main - INFO - 1 change detected
2026-06-18 14:13:13,291 - watchfiles.main - INFO - 5 changes detected
2026-06-18 14:13:16,215 - watchfiles.main - INFO - 1 change detected
2026-06-18 14:13:17,022 - watchfiles.main - INFO - 1 change detected
2026-06-18 14:13:17,878 - watchfiles.main - INFO - 5 changes detected
2026-06-18 14:13:29,250 - watchfiles.main - INFO - 1 change detected
2026-06-18 14:13:30,315 - watchfiles.main - INFO - 5 changes detected
2026-06-18 14:14:04,497 - watchfiles.main - INFO - 1 change detected
2026-06-18 14:14:05,633 - watchfiles.main - INFO - 5 changes detected
2026-06-18 14:16:08,124 - watchfiles.main - INFO - 1 change detected
2026-06-18 14:16:08,985 - watchfiles.main - INFO - 4 changes detected
2026-06-18 14:18:26,917 - watchfiles.main - INFO - 1 change detected
2026-06-18 14:18:27,649 - watchfiles.main - INFO - 1 change detected
2026-06-18 14:18:28,002 - watchfiles.main - INFO - 1 change detected
2026-06-18 14:18:28,994 - watchfiles.main - INFO - 6 changes detected
2026-06-18 14:19:07,119 - watchfiles.main - INFO - 3 changes detected
2026-06-18 14:19:36,720 - watchfiles.main - INFO - 3 changes detected
2026-06-18 14:19:55,616 - watchfiles.main - INFO - 3 changes detected
2026-06-18 14:20:51,999 - watchfiles.main - INFO - 3 changes detected
2026-06-18 14:21:24,136 - watchfiles.main - INFO - 3 changes detected
2026-06-18 15:31:06,789 - watchfiles.main - INFO - 1 change detected
2026-06-18 15:31:07,650 - watchfiles.main - INFO - 4 changes detected
2026-06-18 15:34:07,927 - watchfiles.main - INFO - 1 change detected
2026-06-18 15:34:08,638 - watchfiles.main - INFO - 4 changes detected
2026-06-18 16:05:09,276 - watchfiles.main - INFO - 1 change detected
2026-06-18 16:05:10,140 - watchfiles.main - INFO - 4 changes detected
2026-06-18 16:05:22,663 - watchfiles.main - INFO - 1 change detected
2026-06-18 16:05:23,632 - watchfiles.main - INFO - 1 change detected
2026-06-18 16:05:24,904 - watchfiles.main - INFO - 5 changes detected
2026-06-18 16:05:30,762 - watchfiles.main - INFO - 1 change detected
2026-06-18 16:05:31,552 - watchfiles.main - INFO - 1 change detected
2026-06-18 16:05:32,274 - watchfiles.main - INFO - 5 changes detected
2026-06-18 16:05:38,686 - watchfiles.main - INFO - 2 changes detected
2026-06-18 16:05:39,510 - watchfiles.main - INFO - 1 change detected
2026-06-18 16:05:39,873 - watchfiles.main - INFO - 1 change detected
2026-06-18 16:05:40,239 - watchfiles.main - INFO - 1 change detected
2026-06-18 16:05:40,654 - watchfiles.main - INFO - 1 change detected
2026-06-18 16:05:41,066 - watchfiles.main - INFO - 1 change detected
2026-06-18 16:05:41,425 - watchfiles.main - INFO - 1 change detected
2026-06-18 16:05:41,831 - watchfiles.main - INFO - 1 change detected
2026-06-18 16:05:42,236 - watchfiles.main - INFO - 1 change detected
2026-06-18 16:05:42,642 - watchfiles.main - INFO - 1 change detected
2026-06-18 16:05:43,050 - watchfiles.main - INFO - 1 change detected
2026-06-18 16:05:43,463 - watchfiles.main - INFO - 1 change detected
2026-06-18 16:05:43,873 - watchfiles.main - INFO - 1 change detected
2026-06-18 16:05:44,275 - watchfiles.main - INFO - 1 change detected
2026-06-18 16:05:44,681 - watchfiles.main - INFO - 1 change detected
2026-06-18 16:05:45,086 - watchfiles.main - INFO - 1 change detected
2026-06-18 16:05:45,492 - watchfiles.main - INFO - 1 change detected
2026-06-18 16:05:45,908 - watchfiles.main - INFO - 1 change detected
2026-06-18 16:05:46,314 - watchfiles.main - INFO - 1 change detected
2026-06-18 16:05:46,720 - watchfiles.main - INFO - 1 change detected
2026-06-18 16:05:47,123 - watchfiles.main - INFO - 1 change detected
2026-06-18 16:05:47,528 - watchfiles.main - INFO - 1 change detected
2026-06-18 16:05:47,895 - watchfiles.main - INFO - 1 change detected
2026-06-18 16:05:48,304 - watchfiles.main - INFO - 1 change detected
2026-06-18 16:05:48,706 - watchfiles.main - INFO - 1 change detected
2026-06-18 16:05:49,122 - watchfiles.main - INFO - 1 change detected
2026-06-18 16:05:51,155 - watchfiles.main - INFO - 1 change detected
2026-06-18 16:05:51,507 - watchfiles.main - INFO - 1 change detected
2026-06-18 16:05:51,869 - watchfiles.main - INFO - 1 change detected
2026-06-18 16:05:52,275 - watchfiles.main - INFO - 1 change detected
2026-06-18 16:05:52,734 - watchfiles.main - INFO - 1 change detected
2026-06-18 16:05:53,149 - watchfiles.main - INFO - 2 changes detected
2026-06-18 16:05:53,845 - watchfiles.main - INFO - 1 change detected
2026-06-18 16:05:54,462 - watchfiles.main - INFO - 5 changes detected
2026-06-18 16:06:01,693 - watchfiles.main - INFO - 1 change detected
2026-06-18 16:06:02,539 - watchfiles.main - INFO - 1 change detected
2026-06-18 16:06:03,209 - watchfiles.main - INFO - 5 changes detected
2026-06-18 16:06:16,931 - watchfiles.main - INFO - 1 change detected
2026-06-18 16:06:17,767 - watchfiles.main - INFO - 1 change detected
2026-06-18 16:06:18,335 - watchfiles.main - INFO - 5 changes detected
2026-06-18 16:06:27,009 - watchfiles.main - INFO - 1 change detected
2026-06-18 16:06:27,782 - watchfiles.main - INFO - 2 changes detected
2026-06-18 16:06:29,090 - watchfiles.main - INFO - 6 changes detected
2026-06-18 16:06:32,735 - watchfiles.main - INFO - 1 change detected
2026-06-18 16:06:33,506 - watchfiles.main - INFO - 1 change detected
2026-06-18 16:06:34,175 - watchfiles.main - INFO - 5 changes detected
2026-06-18 16:06:46,988 - watchfiles.main - INFO - 1 change detected
2026-06-18 16:06:47,762 - watchfiles.main - INFO - 1 change detected
2026-06-18 16:06:48,434 - watchfiles.main - INFO - 5 changes detected
2026-06-18 16:07:03,678 - watchfiles.main - INFO - 1 change detected
2026-06-18 16:07:04,466 - watchfiles.main - INFO - 1 change detected
2026-06-18 16:07:05,033 - watchfiles.main - INFO - 5 changes detected
2026-06-18 16:07:07,911 - watchfiles.main - INFO - 1 change detected
2026-06-18 16:07:08,644 - watchfiles.main - INFO - 1 change detected
2026-06-18 16:07:09,161 - watchfiles.main - INFO - 5 changes detected
2026-06-18 16:07:11,685 - watchfiles.main - INFO - 1 change detected
2026-06-18 16:07:12,448 - watchfiles.main - INFO - 1 change detected
2026-06-18 16:07:12,966 - watchfiles.main - INFO - 5 changes detected
2026-06-18 16:07:18,006 - watchfiles.main - INFO - 1 change detected
2026-06-18 16:07:18,872 - watchfiles.main - INFO - 1 change detected
2026-06-18 16:07:19,441 - watchfiles.main - INFO - 5 changes detected
2026-06-18 16:07:22,470 - watchfiles.main - INFO - 1 change detected
2026-06-18 16:07:23,255 - watchfiles.main - INFO - 1 change detected
2026-06-18 16:07:23,774 - watchfiles.main - INFO - 5 changes detected
2026-06-18 16:07:32,546 - watchfiles.main - INFO - 1 change detected
2026-06-18 16:07:33,308 - watchfiles.main - INFO - 1 change detected
2026-06-18 16:07:33,975 - watchfiles.main - INFO - 5 changes detected
2026-06-18 16:07:36,094 - watchfiles.main - INFO - 1 change detected
2026-06-18 16:07:36,834 - watchfiles.main - INFO - 1 change detected
2026-06-18 16:07:37,454 - watchfiles.main - INFO - 5 changes detected
2026-06-18 16:07:39,723 - watchfiles.main - INFO - 1 change detected
2026-06-18 16:07:40,487 - watchfiles.main - INFO - 1 change detected
2026-06-18 16:07:41,157 - watchfiles.main - INFO - 5 changes detected
2026-06-18 16:07:43,483 - watchfiles.main - INFO - 1 change detected
2026-06-18 16:07:44,230 - watchfiles.main - INFO - 1 change detected
2026-06-18 16:07:44,900 - watchfiles.main - INFO - 5 changes detected
2026-06-18 16:07:46,664 - watchfiles.main - INFO - 1 change detected
2026-06-18 16:07:47,403 - watchfiles.main - INFO - 1 change detected
2026-06-18 16:07:48,022 - watchfiles.main - INFO - 5 changes detected
2026-06-18 16:07:49,590 - watchfiles.main - INFO - 1 change detected
2026-06-18 16:07:50,238 - watchfiles.main - INFO - 1 change detected
2026-06-18 16:07:50,857 - watchfiles.main - INFO - 5 changes detected
2026-06-18 16:07:53,233 - watchfiles.main - INFO - 1 change detected
2026-06-18 16:07:54,030 - watchfiles.main - INFO - 1 change detected
2026-06-18 16:07:54,692 - watchfiles.main - INFO - 5 changes detected
2026-06-18 16:08:02,613 - watchfiles.main - INFO - 1 change detected
2026-06-18 16:08:03,438 - watchfiles.main - INFO - 1 change detected
2026-06-18 16:08:04,107 - watchfiles.main - INFO - 5 changes detected
2026-06-18 16:08:07,034 - watchfiles.main - INFO - 1 change detected
2026-06-18 16:08:07,824 - watchfiles.main - INFO - 2 changes detected
2026-06-18 16:08:09,085 - watchfiles.main - INFO - 6 changes detected
2026-06-18 16:08:10,361 - watchfiles.main - INFO - 1 change detected
2026-06-18 16:08:11,228 - watchfiles.main - INFO - 5 changes detected
2026-06-18 16:08:11,980 - watchfiles.main - INFO - 2 changes detected
2026-06-18 16:08:13,293 - watchfiles.main - INFO - 6 changes detected
2026-06-18 16:08:15,675 - watchfiles.main - INFO - 1 change detected
2026-06-18 16:08:16,495 - watchfiles.main - INFO - 1 change detected
2026-06-18 16:08:17,164 - watchfiles.main - INFO - 5 changes detected
2026-06-18 16:08:18,991 - watchfiles.main - INFO - 1 change detected
2026-06-18 16:08:19,781 - watchfiles.main - INFO - 1 change detected
2026-06-18 16:08:20,501 - watchfiles.main - INFO - 5 changes detected
2026-06-18 16:08:22,722 - watchfiles.main - INFO - 1 change detected
2026-06-18 16:08:23,451 - watchfiles.main - INFO - 1 change detected
2026-06-18 16:08:24,121 - watchfiles.main - INFO - 5 changes detected
2026-06-18 16:08:27,407 - watchfiles.main - INFO - 1 change detected
2026-06-18 16:08:28,117 - watchfiles.main - INFO - 1 change detected
2026-06-18 16:08:28,782 - watchfiles.main - INFO - 5 changes detected
2026-06-18 16:08:32,160 - watchfiles.main - INFO - 1 change detected
2026-06-18 16:08:32,913 - watchfiles.main - INFO - 1 change detected
2026-06-18 16:08:33,584 - watchfiles.main - INFO - 5 changes detected
2026-06-18 16:08:36,980 - watchfiles.main - INFO - 1 change detected
2026-06-18 16:08:37,752 - watchfiles.main - INFO - 1 change detected
2026-06-18 16:08:38,422 - watchfiles.main - INFO - 5 changes detected
2026-06-18 16:08:41,951 - watchfiles.main - INFO - 1 change detected
2026-06-18 16:08:42,784 - watchfiles.main - INFO - 1 change detected
2026-06-18 16:08:43,451 - watchfiles.main - INFO - 5 changes detected
2026-06-18 16:08:47,279 - watchfiles.main - INFO - 1 change detected
2026-06-18 16:08:48,007 - watchfiles.main - INFO - 1 change detected
2026-06-18 16:08:48,722 - watchfiles.main - INFO - 5 changes detected
2026-06-18 16:15:00,441 - watchfiles.main - INFO - 1 change detected
2026-06-18 16:15:01,358 - watchfiles.main - INFO - 4 changes detected
2026-06-18 16:15:09,993 - watchfiles.main - INFO - 1 change detected
2026-06-18 16:15:10,962 - watchfiles.main - INFO - 1 change detected
2026-06-18 16:15:11,784 - watchfiles.main - INFO - 5 changes detected
2026-06-18 16:15:36,208 - watchfiles.main - INFO - 1 change detected
2026-06-18 16:15:36,943 - watchfiles.main - INFO - 1 change detected
2026-06-18 16:15:37,611 - watchfiles.main - INFO - 5 changes detected
2026-06-18 16:15:38,571 - watchfiles.main - INFO - 1 change detected
2026-06-18 16:15:39,396 - watchfiles.main - INFO - 1 change detected
2026-06-18 16:15:40,014 - watchfiles.main - INFO - 5 changes detected
2026-06-18 16:15:43,996 - watchfiles.main - INFO - 1 change detected
2026-06-18 16:15:44,816 - watchfiles.main - INFO - 1 change detected
2026-06-18 16:15:45,433 - watchfiles.main - INFO - 6 changes detected
2026-06-18 16:15:46,272 - watchfiles.main - INFO - 1 change detected
2026-06-18 16:15:49,768 - watchfiles.main - INFO - 1 change detected
2026-06-18 16:15:50,590 - watchfiles.main - INFO - 1 change detected
2026-06-18 16:15:51,107 - watchfiles.main - INFO - 1 change detected
2026-06-18 16:15:52,003 - watchfiles.main - INFO - 6 changes detected
2026-06-18 16:15:52,368 - watchfiles.main - INFO - 1 change detected
2026-06-18 16:15:53,334 - watchfiles.main - INFO - 6 changes detected
2026-06-18 16:15:53,694 - watchfiles.main - INFO - 1 change detected
2026-06-18 16:15:54,683 - watchfiles.main - INFO - 6 changes detected
2026-06-18 16:15:55,252 - watchfiles.main - INFO - 1 change detected
